2024-10-18 12:42:05,842 - INFO - Starting to upload products from woccomer_products_updated.json to WooCommerce...
2024-10-18 12:42:05,843 - ERROR - Failed to read products from woccomer_products_updated.json. Error: [Errno 2] No such file or directory: 'woccomer_products_updated.json'
2024-10-18 12:42:05,843 - WARNING - No products to upload. Exiting.
2024-10-18 12:42:19,228 - INFO - Starting to upload products from woccommerce_products_updated.json to WooCommerce...
2024-10-18 12:42:19,228 - ERROR - Failed to read products from woccommerce_products_updated.json. Error: [Errno 2] No such file or directory: 'woccommerce_products_updated.json'
2024-10-18 12:42:19,229 - WARNING - No products to upload. Exiting.
2024-10-18 12:42:32,567 - INFO - Starting to upload products from woocommerce_products_updated.json to WooCommerce...
2024-10-18 12:42:33,361 - INFO - Total products read from JSON: 13393
2024-10-18 12:42:34,529 - INFO - Product with ID 51732 exists. It will be updated.
2024-10-18 12:42:38,080 - INFO - Successfully updated product ID 51732.
2024-10-18 12:42:39,024 - INFO - Product with ID 51730 exists. It will be updated.
2024-10-18 12:42:42,758 - INFO - Successfully updated product ID 51730.
2024-10-18 12:42:43,606 - INFO - Product with ID 51728 exists. It will be updated.
2024-10-18 12:42:47,257 - INFO - Successfully updated product ID 51728.
2024-10-18 12:42:48,142 - INFO - Product with ID 51726 exists. It will be updated.
2024-10-18 12:42:51,626 - INFO - Successfully updated product ID 51726.
2024-10-18 12:42:52,654 - INFO - Product with ID 51724 exists. It will be updated.
2024-10-18 12:42:55,660 - INFO - Successfully updated product ID 51724.
2024-10-18 12:42:56,731 - INFO - Product with ID 51722 exists. It will be updated.
2024-10-18 12:43:00,783 - INFO - Successfully updated product ID 51722.
2024-10-18 12:43:01,639 - INFO - Product with ID 51720 exists. It will be updated.
2024-10-18 12:43:05,538 - INFO - Successfully updated product ID 51720.
2024-10-18 12:43:06,528 - INFO - Product with ID 51718 exists. It will be updated.
2024-10-18 12:43:10,078 - INFO - Successfully updated product ID 51718.
2024-10-18 12:43:11,307 - INFO - Product with ID 51716 exists. It will be updated.
2024-10-18 12:43:15,488 - INFO - Successfully updated product ID 51716.
2024-10-18 12:43:16,764 - INFO - Product with ID 51714 exists. It will be updated.
2024-10-18 12:43:20,643 - INFO - Successfully updated product ID 51714.
2024-10-18 12:43:21,473 - INFO - Product with ID 51712 exists. It will be updated.
2024-10-18 12:43:25,346 - INFO - Successfully updated product ID 51712.
2024-10-18 12:43:26,175 - INFO - Product with ID 51710 exists. It will be updated.
2024-10-18 12:43:30,176 - INFO - Successfully updated product ID 51710.
2024-10-18 12:43:31,021 - INFO - Product with ID 51708 exists. It will be updated.
2024-10-18 12:43:34,539 - INFO - Successfully updated product ID 51708.
2024-10-18 12:43:35,616 - INFO - Product with ID 51706 exists. It will be updated.
2024-10-18 12:43:39,291 - INFO - Successfully updated product ID 51706.
2024-10-18 12:43:40,161 - INFO - Product with ID 51704 exists. It will be updated.
2024-10-18 12:43:43,975 - INFO - Successfully updated product ID 51704.
2024-10-18 12:43:44,766 - INFO - Product with ID 51702 exists. It will be updated.
2024-10-18 12:43:48,454 - INFO - Successfully updated product ID 51702.
2024-10-18 12:43:49,449 - INFO - Product with ID 51700 exists. It will be updated.
2024-10-18 12:43:53,390 - INFO - Successfully updated product ID 51700.
2024-10-18 12:43:54,497 - INFO - Product with ID 51698 exists. It will be updated.
2024-10-18 12:43:57,686 - INFO - Successfully updated product ID 51698.
2024-10-18 12:43:58,586 - INFO - Product with ID 51696 exists. It will be updated.
2024-10-18 12:44:02,300 - INFO - Successfully updated product ID 51696.
2024-10-18 12:44:03,304 - INFO - Product with ID 51694 exists. It will be updated.
2024-10-18 12:44:07,296 - INFO - Successfully updated product ID 51694.
2024-10-18 12:44:08,333 - INFO - Product with ID 51692 exists. It will be updated.
2024-10-18 12:44:12,258 - INFO - Successfully updated product ID 51692.
2024-10-18 12:44:13,215 - INFO - Product with ID 51690 exists. It will be updated.
2024-10-18 12:44:17,060 - INFO - Successfully updated product ID 51690.
2024-10-18 12:44:17,975 - INFO - Product with ID 51688 exists. It will be updated.
2024-10-18 12:44:22,174 - INFO - Successfully updated product ID 51688.
2024-10-18 12:44:23,106 - INFO - Product with ID 51686 exists. It will be updated.
2024-10-18 12:44:26,857 - INFO - Successfully updated product ID 51686.
2024-10-18 12:44:27,831 - INFO - Product with ID 51684 exists. It will be updated.
2024-10-18 12:44:31,426 - INFO - Successfully updated product ID 51684.
2024-10-18 12:44:32,368 - INFO - Product with ID 51682 exists. It will be updated.
2024-10-18 12:44:35,961 - INFO - Successfully updated product ID 51682.
2024-10-18 12:44:36,844 - INFO - Product with ID 51680 exists. It will be updated.
2024-10-18 12:44:40,247 - INFO - Successfully updated product ID 51680.
2024-10-18 12:44:41,154 - INFO - Product with ID 51678 exists. It will be updated.
2024-10-18 12:44:43,930 - INFO - Successfully updated product ID 51678.
2024-10-18 12:44:44,820 - INFO - Product with ID 51676 exists. It will be updated.
2024-10-18 12:44:47,463 - INFO - Successfully updated product ID 51676.
2024-10-18 12:44:48,343 - INFO - Product with ID 51674 exists. It will be updated.
2024-10-18 12:44:51,817 - INFO - Successfully updated product ID 51674.
2024-10-18 12:44:52,740 - INFO - Product with ID 51672 exists. It will be updated.
2024-10-18 12:44:56,641 - INFO - Successfully updated product ID 51672.
2024-10-18 12:44:57,513 - INFO - Product with ID 51670 exists. It will be updated.
2024-10-18 12:44:59,957 - INFO - Successfully updated product ID 51670.
2024-10-18 12:45:01,055 - INFO - Product with ID 51668 exists. It will be updated.
2024-10-18 12:45:04,096 - INFO - Successfully updated product ID 51668.
2024-10-18 12:45:05,216 - INFO - Product with ID 51666 exists. It will be updated.
2024-10-18 12:45:09,011 - INFO - Successfully updated product ID 51666.
2024-10-18 12:45:09,927 - INFO - Product with ID 51664 exists. It will be updated.
2024-10-18 12:45:13,915 - INFO - Successfully updated product ID 51664.
2024-10-18 12:45:14,799 - INFO - Product with ID 51662 exists. It will be updated.
2024-10-18 12:45:18,755 - INFO - Successfully updated product ID 51662.
2024-10-18 12:45:19,567 - INFO - Product with ID 51660 exists. It will be updated.
2024-10-18 12:45:23,034 - INFO - Successfully updated product ID 51660.
2024-10-18 12:45:23,991 - INFO - Product with ID 51658 exists. It will be updated.
2024-10-18 12:45:27,134 - INFO - Successfully updated product ID 51658.
2024-10-18 12:45:28,056 - INFO - Product with ID 51656 exists. It will be updated.
2024-10-18 12:45:31,284 - INFO - Successfully updated product ID 51656.
2024-10-18 12:45:32,301 - INFO - Product with ID 51654 exists. It will be updated.
2024-10-18 12:45:35,328 - INFO - Successfully updated product ID 51654.
2024-10-18 12:45:36,225 - INFO - Product with ID 51652 exists. It will be updated.
2024-10-18 12:45:40,068 - INFO - Successfully updated product ID 51652.
2024-10-18 12:45:40,934 - INFO - Product with ID 51650 exists. It will be updated.
2024-10-18 12:45:43,912 - INFO - Successfully updated product ID 51650.
2024-10-18 12:45:44,889 - INFO - Product with ID 51648 exists. It will be updated.
2024-10-18 12:45:48,196 - INFO - Successfully updated product ID 51648.
2024-10-18 12:45:49,070 - INFO - Product with ID 51646 exists. It will be updated.
2024-10-18 12:45:51,481 - INFO - Successfully updated product ID 51646.
2024-10-18 12:45:52,553 - INFO - Product with ID 51644 exists. It will be updated.
2024-10-18 12:45:55,769 - INFO - Successfully updated product ID 51644.
2024-10-18 12:45:56,792 - INFO - Product with ID 51642 exists. It will be updated.
2024-10-18 12:46:00,476 - INFO - Successfully updated product ID 51642.
2024-10-18 12:46:01,356 - INFO - Product with ID 51640 exists. It will be updated.
2024-10-18 12:46:04,335 - INFO - Successfully updated product ID 51640.
2024-10-18 12:46:05,194 - INFO - Product with ID 51638 exists. It will be updated.
2024-10-18 12:46:07,661 - INFO - Successfully updated product ID 51638.
2024-10-18 12:46:08,584 - INFO - Product with ID 51636 exists. It will be updated.
2024-10-18 12:46:12,131 - INFO - Successfully updated product ID 51636.
2024-10-18 12:46:13,026 - INFO - Product with ID 51634 exists. It will be updated.
2024-10-18 12:46:15,934 - INFO - Successfully updated product ID 51634.
2024-10-18 12:46:16,879 - INFO - Product with ID 51632 exists. It will be updated.
2024-10-18 12:46:21,442 - INFO - Successfully updated product ID 51632.
2024-10-18 12:46:22,652 - INFO - Product with ID 51630 exists. It will be updated.
2024-10-18 12:46:26,957 - INFO - Successfully updated product ID 51630.
2024-10-18 12:46:27,854 - INFO - Product with ID 51628 exists. It will be updated.
2024-10-18 12:46:31,619 - INFO - Successfully updated product ID 51628.
2024-10-18 12:46:32,597 - INFO - Product with ID 51626 exists. It will be updated.
2024-10-18 12:46:36,367 - INFO - Successfully updated product ID 51626.
2024-10-18 12:46:37,285 - INFO - Product with ID 51624 exists. It will be updated.
2024-10-18 12:46:40,055 - INFO - Successfully updated product ID 51624.
2024-10-18 12:46:40,835 - INFO - Product with ID 51622 exists. It will be updated.
2024-10-18 12:46:44,649 - INFO - Successfully updated product ID 51622.
2024-10-18 12:46:45,567 - INFO - Product with ID 51620 exists. It will be updated.
2024-10-18 12:46:48,232 - INFO - Successfully updated product ID 51620.
2024-10-18 12:46:49,258 - INFO - Product with ID 51618 exists. It will be updated.
2024-10-18 12:46:52,815 - INFO - Successfully updated product ID 51618.
2024-10-18 12:46:54,100 - INFO - Product with ID 51616 exists. It will be updated.
2024-10-18 12:46:56,962 - INFO - Successfully updated product ID 51616.
2024-10-18 12:46:57,810 - INFO - Product with ID 51614 exists. It will be updated.
2024-10-18 12:47:00,975 - INFO - Successfully updated product ID 51614.
2024-10-18 12:47:02,049 - INFO - Product with ID 51612 exists. It will be updated.
2024-10-18 12:47:06,120 - INFO - Successfully updated product ID 51612.
2024-10-18 12:47:07,365 - INFO - Product with ID 51610 exists. It will be updated.
2024-10-18 12:47:11,312 - INFO - Successfully updated product ID 51610.
2024-10-18 12:47:12,153 - INFO - Product with ID 51608 exists. It will be updated.
2024-10-18 12:47:14,981 - INFO - Successfully updated product ID 51608.
2024-10-18 12:47:15,814 - INFO - Product with ID 51606 exists. It will be updated.
2024-10-18 12:47:18,546 - INFO - Successfully updated product ID 51606.
2024-10-18 12:47:19,380 - INFO - Product with ID 51604 exists. It will be updated.
2024-10-18 12:47:23,031 - INFO - Successfully updated product ID 51604.
2024-10-18 12:47:23,916 - INFO - Product with ID 51602 exists. It will be updated.
2024-10-18 12:47:26,360 - INFO - Successfully updated product ID 51602.
2024-10-18 12:47:27,165 - INFO - Product with ID 51600 exists. It will be updated.
2024-10-18 12:47:29,630 - INFO - Successfully updated product ID 51600.
2024-10-18 12:47:30,453 - INFO - Product with ID 51598 exists. It will be updated.
2024-10-18 12:47:32,817 - INFO - Successfully updated product ID 51598.
2024-10-18 12:47:33,578 - INFO - Product with ID 51596 exists. It will be updated.
2024-10-18 12:47:37,423 - INFO - Successfully updated product ID 51596.
2024-10-18 12:47:38,445 - INFO - Product with ID 51594 exists. It will be updated.
2024-10-18 12:47:41,633 - INFO - Successfully updated product ID 51594.
2024-10-18 12:47:42,403 - INFO - Product with ID 51592 exists. It will be updated.
2024-10-18 12:47:46,042 - INFO - Successfully updated product ID 51592.
2024-10-18 12:47:46,891 - INFO - Product with ID 51590 exists. It will be updated.
2024-10-18 12:47:49,706 - INFO - Successfully updated product ID 51590.
2024-10-18 12:47:50,692 - INFO - Product with ID 51588 exists. It will be updated.
2024-10-18 12:47:53,414 - INFO - Successfully updated product ID 51588.
2024-10-18 12:47:54,527 - INFO - Product with ID 51586 exists. It will be updated.
2024-10-18 12:47:57,190 - INFO - Successfully updated product ID 51586.
2024-10-18 12:47:58,056 - INFO - Product with ID 51584 exists. It will be updated.
2024-10-18 12:48:00,726 - INFO - Successfully updated product ID 51584.
2024-10-18 12:48:01,687 - INFO - Product with ID 51582 exists. It will be updated.
2024-10-18 12:48:04,616 - INFO - Successfully updated product ID 51582.
2024-10-18 12:48:05,610 - INFO - Product with ID 51580 exists. It will be updated.
2024-10-18 12:48:09,269 - INFO - Successfully updated product ID 51580.
2024-10-18 12:48:10,133 - INFO - Product with ID 51578 exists. It will be updated.
2024-10-18 12:48:12,905 - INFO - Successfully updated product ID 51578.
2024-10-18 12:48:13,729 - INFO - Product with ID 51576 exists. It will be updated.
2024-10-18 12:48:16,388 - INFO - Successfully updated product ID 51576.
2024-10-18 12:48:17,211 - INFO - Product with ID 51574 exists. It will be updated.
2024-10-18 12:48:19,944 - INFO - Successfully updated product ID 51574.
2024-10-18 12:48:20,885 - INFO - Product with ID 51572 exists. It will be updated.
2024-10-18 12:48:23,436 - INFO - Successfully updated product ID 51572.
2024-10-18 12:48:24,237 - INFO - Product with ID 51570 exists. It will be updated.
2024-10-18 12:48:27,640 - INFO - Successfully updated product ID 51570.
2024-10-18 12:48:28,529 - INFO - Product with ID 51568 exists. It will be updated.
2024-10-18 12:48:31,316 - INFO - Successfully updated product ID 51568.
2024-10-18 12:48:32,197 - INFO - Product with ID 51566 exists. It will be updated.
2024-10-18 12:48:35,589 - INFO - Successfully updated product ID 51566.
2024-10-18 12:48:36,541 - INFO - Product with ID 51564 exists. It will be updated.
2024-10-18 12:48:38,904 - INFO - Successfully updated product ID 51564.
2024-10-18 12:48:39,912 - INFO - Product with ID 51562 exists. It will be updated.
2024-10-18 12:48:43,735 - INFO - Successfully updated product ID 51562.
2024-10-18 12:48:44,648 - INFO - Product with ID 51560 exists. It will be updated.
2024-10-18 12:48:47,326 - INFO - Successfully updated product ID 51560.
2024-10-18 12:48:48,188 - INFO - Product with ID 51558 exists. It will be updated.
2024-10-18 12:48:51,556 - INFO - Successfully updated product ID 51558.
2024-10-18 12:48:52,570 - INFO - Product with ID 51556 exists. It will be updated.
2024-10-18 12:48:55,919 - INFO - Successfully updated product ID 51556.
2024-10-18 12:48:56,859 - INFO - Product with ID 51554 exists. It will be updated.
2024-10-18 12:49:00,341 - INFO - Successfully updated product ID 51554.
2024-10-18 12:49:01,423 - INFO - Product with ID 51552 exists. It will be updated.
2024-10-18 12:49:04,041 - INFO - Successfully updated product ID 51552.
2024-10-18 12:49:04,951 - INFO - Product with ID 51550 exists. It will be updated.
2024-10-18 12:49:08,410 - INFO - Successfully updated product ID 51550.
2024-10-18 12:49:09,246 - INFO - Product with ID 51548 exists. It will be updated.
2024-10-18 12:49:11,606 - INFO - Successfully updated product ID 51548.
2024-10-18 12:49:12,405 - INFO - Product with ID 51546 exists. It will be updated.
2024-10-18 12:49:15,642 - INFO - Successfully updated product ID 51546.
2024-10-18 12:49:16,510 - INFO - Product with ID 51544 exists. It will be updated.
2024-10-18 12:49:18,695 - INFO - Successfully updated product ID 51544.
2024-10-18 12:49:19,517 - INFO - Product with ID 51542 exists. It will be updated.
2024-10-18 12:49:21,915 - INFO - Successfully updated product ID 51542.
2024-10-18 12:49:22,687 - INFO - Product with ID 51540 exists. It will be updated.
2024-10-18 12:49:26,063 - INFO - Successfully updated product ID 51540.
2024-10-18 12:49:26,925 - INFO - Product with ID 51538 exists. It will be updated.
2024-10-18 12:49:30,572 - INFO - Successfully updated product ID 51538.
2024-10-18 12:49:31,308 - INFO - Product with ID 51536 exists. It will be updated.
2024-10-18 12:49:35,256 - INFO - Successfully updated product ID 51536.
2024-10-18 12:49:36,142 - INFO - Product with ID 51534 exists. It will be updated.
2024-10-18 12:49:39,602 - INFO - Successfully updated product ID 51534.
2024-10-18 12:49:40,613 - INFO - Product with ID 51532 exists. It will be updated.
2024-10-18 12:49:44,050 - INFO - Successfully updated product ID 51532.
2024-10-18 12:49:44,967 - INFO - Product with ID 51530 exists. It will be updated.
2024-10-18 12:49:48,317 - INFO - Successfully updated product ID 51530.
2024-10-18 12:49:49,088 - INFO - Product with ID 51528 exists. It will be updated.
2024-10-18 12:49:52,403 - INFO - Successfully updated product ID 51528.
2024-10-18 12:49:53,324 - INFO - Product with ID 51526 exists. It will be updated.
2024-10-18 12:49:56,734 - INFO - Successfully updated product ID 51526.
2024-10-18 12:49:57,670 - INFO - Product with ID 51524 exists. It will be updated.
2024-10-18 12:50:01,043 - INFO - Successfully updated product ID 51524.
2024-10-18 12:50:02,208 - INFO - Product with ID 51522 exists. It will be updated.
2024-10-18 12:50:06,267 - INFO - Successfully updated product ID 51522.
2024-10-18 12:50:07,327 - INFO - Product with ID 51520 exists. It will be updated.
2024-10-18 12:50:11,006 - INFO - Successfully updated product ID 51520.
2024-10-18 12:50:11,862 - INFO - Product with ID 51518 exists. It will be updated.
2024-10-18 12:50:15,566 - INFO - Successfully updated product ID 51518.
2024-10-18 12:50:16,582 - INFO - Product with ID 51516 exists. It will be updated.
2024-10-18 12:50:19,344 - INFO - Successfully updated product ID 51516.
2024-10-18 12:50:20,179 - INFO - Product with ID 51514 exists. It will be updated.
2024-10-18 12:50:23,765 - INFO - Successfully updated product ID 51514.
2024-10-18 12:50:24,894 - INFO - Product with ID 51512 exists. It will be updated.
2024-10-18 12:50:28,434 - INFO - Successfully updated product ID 51512.
2024-10-18 12:50:29,614 - INFO - Product with ID 51510 exists. It will be updated.
2024-10-18 12:50:33,464 - INFO - Successfully updated product ID 51510.
2024-10-18 12:50:34,455 - INFO - Product with ID 51508 exists. It will be updated.
2024-10-18 12:50:38,108 - INFO - Successfully updated product ID 51508.
2024-10-18 12:50:38,891 - INFO - Product with ID 51506 exists. It will be updated.
2024-10-18 12:50:42,319 - INFO - Successfully updated product ID 51506.
2024-10-18 12:50:43,228 - INFO - Product with ID 51504 exists. It will be updated.
2024-10-18 12:50:45,974 - INFO - Successfully updated product ID 51504.
2024-10-18 12:50:46,976 - INFO - Product with ID 51502 exists. It will be updated.
2024-10-18 12:50:49,753 - INFO - Successfully updated product ID 51502.
2024-10-18 12:50:50,676 - INFO - Product with ID 51500 exists. It will be updated.
2024-10-18 12:50:53,377 - INFO - Successfully updated product ID 51500.
2024-10-18 12:50:54,264 - INFO - Product with ID 51498 exists. It will be updated.
2024-10-18 12:50:57,842 - INFO - Successfully updated product ID 51498.
2024-10-18 12:50:58,725 - INFO - Product with ID 51496 exists. It will be updated.
2024-10-18 12:51:01,055 - INFO - Successfully updated product ID 51496.
2024-10-18 12:51:02,020 - INFO - Product with ID 51494 exists. It will be updated.
2024-10-18 12:51:05,564 - INFO - Successfully updated product ID 51494.
2024-10-18 12:51:06,534 - INFO - Product with ID 51492 exists. It will be updated.
2024-10-18 12:51:09,373 - INFO - Successfully updated product ID 51492.
2024-10-18 12:51:10,127 - INFO - Product with ID 51490 exists. It will be updated.
2024-10-18 12:51:13,355 - INFO - Successfully updated product ID 51490.
2024-10-18 12:51:14,173 - INFO - Product with ID 51488 exists. It will be updated.
2024-10-18 12:51:17,304 - INFO - Successfully updated product ID 51488.
2024-10-18 12:51:18,341 - INFO - Product with ID 51486 exists. It will be updated.
2024-10-18 12:51:20,471 - INFO - Successfully updated product ID 51486.
2024-10-18 12:51:21,339 - INFO - Product with ID 51484 exists. It will be updated.
2024-10-18 12:51:24,820 - INFO - Successfully updated product ID 51484.
2024-10-18 12:51:25,691 - INFO - Product with ID 51482 exists. It will be updated.
2024-10-18 12:51:29,133 - INFO - Successfully updated product ID 51482.
2024-10-18 12:51:30,137 - INFO - Product with ID 51478 exists. It will be updated.
2024-10-18 12:51:33,653 - INFO - Successfully updated product ID 51478.
2024-10-18 12:51:34,461 - INFO - Product with ID 51476 exists. It will be updated.
2024-10-18 12:51:37,677 - INFO - Successfully updated product ID 51476.
2024-10-18 12:51:38,571 - INFO - Product with ID 51474 exists. It will be updated.
2024-10-18 12:51:41,723 - INFO - Successfully updated product ID 51474.
2024-10-18 12:51:42,596 - INFO - Product with ID 51472 exists. It will be updated.
2024-10-18 12:51:46,193 - INFO - Successfully updated product ID 51472.
2024-10-18 12:51:47,452 - INFO - Product with ID 51470 exists. It will be updated.
2024-10-18 12:51:51,244 - INFO - Successfully updated product ID 51470.
2024-10-18 12:51:52,280 - INFO - Product with ID 51468 exists. It will be updated.
2024-10-18 12:51:55,879 - INFO - Successfully updated product ID 51468.
2024-10-18 12:51:57,053 - INFO - Product with ID 51466 exists. It will be updated.
2024-10-18 12:52:01,203 - INFO - Successfully updated product ID 51466.
2024-10-18 12:52:02,072 - INFO - Product with ID 51464 exists. It will be updated.
2024-10-18 12:52:06,013 - INFO - Successfully updated product ID 51464.
2024-10-18 12:52:06,841 - INFO - Product with ID 51462 exists. It will be updated.
2024-10-18 12:52:09,604 - INFO - Successfully updated product ID 51462.
2024-10-18 12:52:10,487 - INFO - Product with ID 51460 exists. It will be updated.
2024-10-18 12:52:14,653 - INFO - Successfully updated product ID 51460.
2024-10-18 12:52:15,685 - INFO - Product with ID 51458 exists. It will be updated.
2024-10-18 12:52:19,677 - INFO - Successfully updated product ID 51458.
2024-10-18 12:52:20,539 - INFO - Product with ID 51456 exists. It will be updated.
2024-10-18 12:52:23,866 - INFO - Successfully updated product ID 51456.
2024-10-18 12:52:24,722 - INFO - Product with ID 51454 exists. It will be updated.
2024-10-18 12:52:28,190 - INFO - Successfully updated product ID 51454.
2024-10-18 12:52:29,166 - INFO - Product with ID 51452 exists. It will be updated.
2024-10-18 12:52:32,763 - INFO - Successfully updated product ID 51452.
2024-10-18 12:52:33,821 - INFO - Product with ID 51450 exists. It will be updated.
2024-10-18 12:52:37,615 - INFO - Successfully updated product ID 51450.
2024-10-18 12:52:38,455 - INFO - Product with ID 51448 exists. It will be updated.
2024-10-18 12:52:41,970 - INFO - Successfully updated product ID 51448.
2024-10-18 12:52:42,883 - INFO - Product with ID 51446 exists. It will be updated.
2024-10-18 12:52:46,588 - INFO - Successfully updated product ID 51446.
2024-10-18 12:52:47,526 - INFO - Product with ID 51444 exists. It will be updated.
2024-10-18 12:52:51,326 - INFO - Successfully updated product ID 51444.
2024-10-18 12:52:52,413 - INFO - Product with ID 51442 exists. It will be updated.
2024-10-18 12:52:56,242 - INFO - Successfully updated product ID 51442.
2024-10-18 12:52:57,024 - INFO - Product with ID 51440 exists. It will be updated.
2024-10-18 12:53:00,524 - INFO - Successfully updated product ID 51440.
2024-10-18 12:53:01,463 - INFO - Product with ID 51438 exists. It will be updated.
2024-10-18 12:53:05,522 - INFO - Successfully updated product ID 51438.
2024-10-18 12:53:06,284 - INFO - Product with ID 51436 exists. It will be updated.
2024-10-18 12:53:08,831 - INFO - Successfully updated product ID 51436.
2024-10-18 12:53:09,686 - INFO - Product with ID 51432 exists. It will be updated.
2024-10-18 12:53:13,317 - INFO - Successfully updated product ID 51432.
2024-10-18 12:53:14,101 - INFO - Product with ID 51430 exists. It will be updated.
2024-10-18 12:53:17,600 - INFO - Successfully updated product ID 51430.
2024-10-18 12:53:18,553 - INFO - Product with ID 51428 exists. It will be updated.
2024-10-18 12:53:22,118 - INFO - Successfully updated product ID 51428.
2024-10-18 12:53:22,964 - INFO - Product with ID 51426 exists. It will be updated.
2024-10-18 12:53:26,444 - INFO - Successfully updated product ID 51426.
2024-10-18 12:53:27,293 - INFO - Product with ID 51424 exists. It will be updated.
2024-10-18 12:53:30,779 - INFO - Successfully updated product ID 51424.
2024-10-18 12:53:31,692 - INFO - Product with ID 51422 exists. It will be updated.
2024-10-18 12:53:34,344 - INFO - Successfully updated product ID 51422.
2024-10-18 12:53:35,192 - INFO - Product with ID 51420 exists. It will be updated.
2024-10-18 12:53:38,688 - INFO - Successfully updated product ID 51420.
2024-10-18 12:53:39,584 - INFO - Product with ID 51418 exists. It will be updated.
2024-10-18 12:53:43,268 - INFO - Successfully updated product ID 51418.
2024-10-18 12:53:44,106 - INFO - Product with ID 51416 exists. It will be updated.
2024-10-18 12:53:47,641 - INFO - Successfully updated product ID 51416.
2024-10-18 12:53:48,551 - INFO - Product with ID 51414 exists. It will be updated.
2024-10-18 12:53:52,194 - INFO - Successfully updated product ID 51414.
2024-10-18 12:53:53,116 - INFO - Product with ID 51412 exists. It will be updated.
2024-10-18 12:53:56,595 - INFO - Successfully updated product ID 51412.
2024-10-18 12:53:57,368 - INFO - Product with ID 51410 exists. It will be updated.
2024-10-18 12:54:00,688 - INFO - Successfully updated product ID 51410.
2024-10-18 12:54:01,802 - INFO - Product with ID 51408 exists. It will be updated.
2024-10-18 12:54:06,029 - INFO - Successfully updated product ID 51408.
2024-10-18 12:54:06,837 - INFO - Product with ID 51406 exists. It will be updated.
2024-10-18 12:54:10,405 - INFO - Successfully updated product ID 51406.
2024-10-18 12:54:11,498 - INFO - Product with ID 51404 exists. It will be updated.
2024-10-18 12:54:14,995 - INFO - Successfully updated product ID 51404.
2024-10-18 12:54:15,876 - INFO - Product with ID 51402 exists. It will be updated.
2024-10-18 12:54:19,103 - INFO - Successfully updated product ID 51402.
2024-10-18 12:54:19,928 - INFO - Product with ID 51400 exists. It will be updated.
2024-10-18 12:54:23,466 - INFO - Successfully updated product ID 51400.
2024-10-18 12:54:24,382 - INFO - Product with ID 51398 exists. It will be updated.
2024-10-18 12:54:28,056 - INFO - Successfully updated product ID 51398.
2024-10-18 12:54:28,898 - INFO - Product with ID 51396 exists. It will be updated.
2024-10-18 12:54:32,586 - INFO - Successfully updated product ID 51396.
2024-10-18 12:54:33,489 - INFO - Product with ID 51394 exists. It will be updated.
2024-10-18 12:54:37,363 - INFO - Successfully updated product ID 51394.
2024-10-18 12:54:38,147 - INFO - Product with ID 51392 exists. It will be updated.
2024-10-18 12:54:41,070 - INFO - Successfully updated product ID 51392.
2024-10-18 12:54:41,929 - INFO - Product with ID 51390 exists. It will be updated.
2024-10-18 12:54:45,223 - INFO - Successfully updated product ID 51390.
2024-10-18 12:54:46,406 - INFO - Product with ID 51388 exists. It will be updated.
2024-10-18 12:54:49,026 - INFO - Successfully updated product ID 51388.
2024-10-18 12:54:49,905 - INFO - Product with ID 51386 exists. It will be updated.
2024-10-18 12:54:53,531 - INFO - Successfully updated product ID 51386.
2024-10-18 12:54:54,417 - INFO - Product with ID 51384 exists. It will be updated.
2024-10-18 12:54:58,209 - INFO - Successfully updated product ID 51384.
2024-10-18 12:54:59,133 - INFO - Product with ID 51382 exists. It will be updated.
2024-10-18 12:55:03,071 - INFO - Successfully updated product ID 51382.
2024-10-18 12:55:04,189 - INFO - Product with ID 51378 exists. It will be updated.
2024-10-18 12:55:07,988 - INFO - Successfully updated product ID 51378.
2024-10-18 12:55:08,883 - INFO - Product with ID 51376 exists. It will be updated.
2024-10-18 12:55:12,607 - INFO - Successfully updated product ID 51376.
2024-10-18 12:55:13,542 - INFO - Product with ID 51374 exists. It will be updated.
2024-10-18 12:55:17,411 - INFO - Successfully updated product ID 51374.
2024-10-18 12:55:18,249 - INFO - Product with ID 51372 exists. It will be updated.
2024-10-18 12:55:21,786 - INFO - Successfully updated product ID 51372.
2024-10-18 12:55:22,649 - INFO - Product with ID 51370 exists. It will be updated.
2024-10-18 12:55:26,692 - INFO - Successfully updated product ID 51370.
2024-10-18 12:55:27,592 - INFO - Product with ID 51368 exists. It will be updated.
2024-10-18 12:55:30,342 - INFO - Successfully updated product ID 51368.
2024-10-18 12:55:31,230 - INFO - Product with ID 51366 exists. It will be updated.
2024-10-18 12:55:35,212 - INFO - Successfully updated product ID 51366.
2024-10-18 12:55:36,202 - INFO - Product with ID 51364 exists. It will be updated.
2024-10-18 12:55:40,039 - INFO - Successfully updated product ID 51364.
2024-10-18 12:55:40,907 - INFO - Product with ID 51362 exists. It will be updated.
2024-10-18 12:55:44,715 - INFO - Successfully updated product ID 51362.
2024-10-18 12:55:45,581 - INFO - Product with ID 51360 exists. It will be updated.
2024-10-18 12:55:48,862 - INFO - Successfully updated product ID 51360.
2024-10-18 12:55:49,928 - INFO - Product with ID 51358 exists. It will be updated.
2024-10-18 12:55:53,814 - INFO - Successfully updated product ID 51358.
2024-10-18 12:55:54,764 - INFO - Product with ID 51356 exists. It will be updated.
2024-10-18 12:55:58,679 - INFO - Successfully updated product ID 51356.
2024-10-18 12:56:00,011 - INFO - Product with ID 51354 exists. It will be updated.
2024-10-18 12:56:03,679 - INFO - Successfully updated product ID 51354.
2024-10-18 12:56:04,654 - INFO - Product with ID 51352 exists. It will be updated.
2024-10-18 12:56:08,529 - INFO - Successfully updated product ID 51352.
2024-10-18 12:56:09,506 - INFO - Product with ID 51350 exists. It will be updated.
2024-10-18 12:56:13,408 - INFO - Successfully updated product ID 51350.
2024-10-18 12:56:14,372 - INFO - Product with ID 51348 exists. It will be updated.
2024-10-18 12:56:18,220 - INFO - Successfully updated product ID 51348.
2024-10-18 12:56:19,108 - INFO - Product with ID 51346 exists. It will be updated.
2024-10-18 12:56:23,257 - INFO - Successfully updated product ID 51346.
2024-10-18 12:56:24,232 - INFO - Product with ID 51344 exists. It will be updated.
2024-10-18 12:56:27,793 - INFO - Successfully updated product ID 51344.
2024-10-18 12:56:28,642 - INFO - Product with ID 51342 exists. It will be updated.
2024-10-18 12:56:31,328 - INFO - Successfully updated product ID 51342.
2024-10-18 12:56:32,283 - INFO - Product with ID 51340 exists. It will be updated.
2024-10-18 12:56:35,972 - INFO - Successfully updated product ID 51340.
2024-10-18 12:56:36,890 - INFO - Product with ID 51338 exists. It will be updated.
2024-10-18 12:56:40,765 - INFO - Successfully updated product ID 51338.
2024-10-18 12:56:42,066 - INFO - Product with ID 51336 exists. It will be updated.
2024-10-18 12:56:45,045 - INFO - Successfully updated product ID 51336.
2024-10-18 12:56:46,014 - INFO - Product with ID 51334 exists. It will be updated.
2024-10-18 12:56:48,941 - INFO - Successfully updated product ID 51334.
2024-10-18 12:56:49,967 - INFO - Product with ID 51332 exists. It will be updated.
2024-10-18 12:56:53,900 - INFO - Successfully updated product ID 51332.
2024-10-18 12:56:54,914 - INFO - Product with ID 51330 exists. It will be updated.
2024-10-18 12:56:58,738 - INFO - Successfully updated product ID 51330.
2024-10-18 12:56:59,658 - INFO - Product with ID 51328 exists. It will be updated.
2024-10-18 12:57:03,571 - INFO - Successfully updated product ID 51328.
2024-10-18 12:57:04,572 - INFO - Product with ID 51326 exists. It will be updated.
2024-10-18 12:57:08,049 - INFO - Successfully updated product ID 51326.
2024-10-18 12:57:08,859 - INFO - Product with ID 51324 exists. It will be updated.
2024-10-18 12:57:12,522 - INFO - Successfully updated product ID 51324.
2024-10-18 12:57:13,505 - INFO - Product with ID 51322 exists. It will be updated.
2024-10-18 12:57:17,238 - INFO - Successfully updated product ID 51322.
2024-10-18 12:57:18,128 - INFO - Product with ID 51320 exists. It will be updated.
2024-10-18 12:57:21,867 - INFO - Successfully updated product ID 51320.
2024-10-18 12:57:22,763 - INFO - Product with ID 51318 exists. It will be updated.
2024-10-18 12:57:26,339 - INFO - Successfully updated product ID 51318.
2024-10-18 12:57:27,104 - INFO - Product with ID 51316 exists. It will be updated.
2024-10-18 12:57:30,595 - INFO - Successfully updated product ID 51316.
2024-10-18 12:57:31,484 - INFO - Product with ID 51314 exists. It will be updated.
2024-10-18 12:57:34,397 - INFO - Successfully updated product ID 51314.
2024-10-18 12:57:35,371 - INFO - Product with ID 51312 exists. It will be updated.
2024-10-18 12:57:39,161 - INFO - Successfully updated product ID 51312.
2024-10-18 12:57:40,021 - INFO - Product with ID 51310 exists. It will be updated.
2024-10-18 12:57:43,202 - INFO - Successfully updated product ID 51310.
2024-10-18 12:57:44,145 - INFO - Product with ID 51308 exists. It will be updated.
2024-10-18 12:57:46,785 - INFO - Successfully updated product ID 51308.
2024-10-18 12:57:47,783 - INFO - Product with ID 51306 exists. It will be updated.
2024-10-18 12:57:50,478 - INFO - Successfully updated product ID 51306.
2024-10-18 12:57:51,304 - INFO - Product with ID 51304 exists. It will be updated.
2024-10-18 12:57:54,875 - INFO - Successfully updated product ID 51304.
2024-10-18 12:57:55,772 - INFO - Product with ID 51302 exists. It will be updated.
2024-10-18 12:57:58,270 - INFO - Successfully updated product ID 51302.
2024-10-18 12:57:59,025 - INFO - Product with ID 51300 exists. It will be updated.
2024-10-18 12:58:02,436 - INFO - Successfully updated product ID 51300.
2024-10-18 12:58:03,446 - INFO - Product with ID 51298 exists. It will be updated.
2024-10-18 12:58:07,451 - INFO - Successfully updated product ID 51298.
2024-10-18 12:58:08,466 - INFO - Product with ID 51296 exists. It will be updated.
2024-10-18 12:58:12,184 - INFO - Successfully updated product ID 51296.
2024-10-18 12:58:13,034 - INFO - Product with ID 51294 exists. It will be updated.
2024-10-18 12:58:16,623 - INFO - Successfully updated product ID 51294.
2024-10-18 12:58:17,387 - INFO - Product with ID 51292 exists. It will be updated.
2024-10-18 12:58:20,561 - INFO - Successfully updated product ID 51292.
2024-10-18 12:58:21,697 - INFO - Product with ID 51290 exists. It will be updated.
2024-10-18 12:58:25,532 - INFO - Successfully updated product ID 51290.
2024-10-18 12:58:26,413 - INFO - Product with ID 51288 exists. It will be updated.
2024-10-18 12:58:29,869 - INFO - Successfully updated product ID 51288.
2024-10-18 12:58:30,798 - INFO - Product with ID 51286 exists. It will be updated.
2024-10-18 12:58:34,354 - INFO - Successfully updated product ID 51286.
2024-10-18 12:58:35,357 - INFO - Product with ID 51284 exists. It will be updated.
2024-10-18 12:58:38,819 - INFO - Successfully updated product ID 51284.
2024-10-18 12:58:39,697 - INFO - Product with ID 51282 exists. It will be updated.
2024-10-18 12:58:43,845 - INFO - Successfully updated product ID 51282.
2024-10-18 12:58:49,529 - INFO - Product with ID 51280 exists. It will be updated.
2024-10-18 12:58:55,116 - INFO - Successfully updated product ID 51280.
2024-10-18 12:58:56,100 - INFO - Product with ID 51278 exists. It will be updated.
2024-10-18 12:58:59,643 - INFO - Successfully updated product ID 51278.
2024-10-18 12:59:00,516 - INFO - Product with ID 51276 exists. It will be updated.
2024-10-18 12:59:04,184 - INFO - Successfully updated product ID 51276.
2024-10-18 12:59:05,194 - INFO - Product with ID 51274 exists. It will be updated.
2024-10-18 12:59:08,869 - INFO - Successfully updated product ID 51274.
2024-10-18 12:59:09,751 - INFO - Product with ID 51272 exists. It will be updated.
2024-10-18 12:59:13,432 - INFO - Successfully updated product ID 51272.
2024-10-18 12:59:14,210 - INFO - Product with ID 51270 exists. It will be updated.
2024-10-18 12:59:18,002 - INFO - Successfully updated product ID 51270.
2024-10-18 12:59:18,954 - INFO - Product with ID 51268 exists. It will be updated.
2024-10-18 12:59:22,675 - INFO - Successfully updated product ID 51268.
2024-10-18 12:59:23,773 - INFO - Product with ID 51266 exists. It will be updated.
2024-10-18 12:59:26,643 - INFO - Successfully updated product ID 51266.
2024-10-18 12:59:27,513 - INFO - Product with ID 51264 exists. It will be updated.
2024-10-18 12:59:31,103 - INFO - Successfully updated product ID 51264.
2024-10-18 12:59:31,912 - INFO - Product with ID 51262 exists. It will be updated.
2024-10-18 12:59:34,461 - INFO - Successfully updated product ID 51262.
2024-10-18 12:59:35,364 - INFO - Product with ID 51260 exists. It will be updated.
2024-10-20 19:55:36,472 - INFO - Starting to upload products from woocommerce_products_updated.json to WooCommerce...
2024-10-20 19:55:37,291 - INFO - Total products read from JSON: 13393
2024-10-20 19:55:40,097 - INFO - Product with ID 51732 exists. It will be updated.
2024-10-20 19:55:44,439 - INFO - Successfully updated product ID 51732.
2024-10-20 19:55:46,398 - INFO - Product with ID 51730 exists. It will be updated.
