2024-10-16 19:43:36,231 - INFO - Starting to fetch media items from WooCommerce...
2024-10-16 19:43:42,407 - INFO - Fetched page 1 with 100 media items.
2024-10-16 19:43:48,098 - INFO - Fetched page 2 with 100 media items.
2024-10-16 19:43:54,219 - INFO - Fetched page 3 with 100 media items.
2024-10-16 19:43:59,715 - INFO - Fetched page 4 with 100 media items.
2024-10-16 19:44:06,432 - INFO - Fetched page 5 with 100 media items.
2024-10-16 19:44:13,125 - INFO - Fetched page 6 with 100 media items.
2024-10-16 19:44:18,754 - INFO - Fetched page 7 with 100 media items.
2024-10-16 19:44:24,554 - INFO - Fetched page 8 with 100 media items.
2024-10-16 19:44:30,012 - INFO - Fetched page 9 with 100 media items.
2024-10-16 19:44:35,477 - INFO - Fetched page 10 with 100 media items.
2024-10-16 19:44:40,983 - INFO - Fetched page 11 with 100 media items.
2024-10-16 19:44:46,484 - INFO - Fetched page 12 with 100 media items.
2024-10-16 19:44:52,349 - INFO - Fetched page 13 with 100 media items.
2024-10-16 19:44:58,542 - INFO - Fetched page 14 with 100 media items.
2024-10-16 19:45:05,789 - INFO - Fetched page 15 with 100 media items.
2024-10-16 19:45:12,362 - INFO - Fetched page 16 with 100 media items.
2024-10-16 19:45:18,462 - INFO - Fetched page 17 with 100 media items.
2024-10-16 19:45:24,021 - INFO - Fetched page 18 with 100 media items.
2024-10-16 19:45:30,000 - INFO - Fetched page 19 with 100 media items.
2024-10-16 19:45:35,301 - INFO - Fetched page 20 with 100 media items.
2024-10-16 19:45:40,446 - INFO - Fetched page 21 with 100 media items.
2024-10-16 19:45:46,196 - INFO - Fetched page 22 with 100 media items.
2024-10-16 19:45:51,559 - INFO - Fetched page 23 with 100 media items.
2024-10-16 19:45:57,025 - INFO - Fetched page 24 with 100 media items.
2024-10-16 19:46:02,951 - INFO - Fetched page 25 with 100 media items.
2024-10-16 19:46:09,081 - INFO - Fetched page 26 with 100 media items.
2024-10-16 19:46:14,590 - INFO - Fetched page 27 with 100 media items.
2024-10-16 19:46:20,840 - INFO - Fetched page 28 with 100 media items.
2024-10-16 19:46:26,372 - INFO - Fetched page 29 with 100 media items.
2024-10-16 19:46:31,613 - INFO - Fetched page 30 with 100 media items.
2024-10-16 19:46:37,113 - INFO - Fetched page 31 with 100 media items.
2024-10-16 19:46:42,815 - INFO - Fetched page 32 with 100 media items.
2024-10-16 19:46:48,776 - INFO - Fetched page 33 with 100 media items.
2024-10-16 19:46:54,774 - INFO - Fetched page 34 with 100 media items.
2024-10-16 19:47:00,453 - INFO - Fetched page 35 with 100 media items.
2024-10-16 19:47:06,420 - INFO - Fetched page 36 with 100 media items.
2024-10-16 19:47:12,473 - INFO - Fetched page 37 with 100 media items.
2024-10-16 19:47:18,588 - INFO - Fetched page 38 with 100 media items.
2024-10-16 19:47:24,568 - INFO - Fetched page 39 with 100 media items.
2024-10-16 19:47:31,069 - INFO - Fetched page 40 with 100 media items.
2024-10-16 19:47:37,184 - INFO - Fetched page 41 with 100 media items.
2024-10-16 19:47:42,795 - INFO - Fetched page 42 with 100 media items.
2024-10-16 19:47:48,779 - INFO - Fetched page 43 with 100 media items.
2024-10-16 19:47:54,720 - INFO - Fetched page 44 with 100 media items.
2024-10-16 19:48:00,744 - INFO - Fetched page 45 with 100 media items.
2024-10-16 19:48:07,178 - INFO - Fetched page 46 with 100 media items.
2024-10-16 19:48:13,679 - INFO - Fetched page 47 with 100 media items.
2024-10-16 19:48:20,005 - INFO - Fetched page 48 with 100 media items.
2024-10-16 19:48:26,625 - INFO - Fetched page 49 with 100 media items.
2024-10-16 19:48:32,563 - INFO - Fetched page 50 with 100 media items.
2024-10-16 19:48:38,897 - INFO - Fetched page 51 with 100 media items.
2024-10-16 19:48:45,380 - INFO - Fetched page 52 with 100 media items.
2024-10-16 19:48:51,329 - INFO - Fetched page 53 with 100 media items.
2024-10-16 19:48:57,242 - INFO - Fetched page 54 with 100 media items.
2024-10-16 19:49:03,484 - INFO - Fetched page 55 with 100 media items.
2024-10-16 19:49:09,718 - INFO - Fetched page 56 with 100 media items.
2024-10-16 19:49:15,544 - INFO - Fetched page 57 with 100 media items.
2024-10-16 19:49:22,104 - INFO - Fetched page 58 with 100 media items.
2024-10-16 19:49:28,182 - INFO - Fetched page 59 with 100 media items.
2024-10-16 19:49:34,023 - INFO - Fetched page 60 with 100 media items.
2024-10-16 19:49:40,344 - INFO - Fetched page 61 with 100 media items.
2024-10-16 19:49:46,770 - INFO - Fetched page 62 with 100 media items.
2024-10-16 19:49:52,502 - INFO - Fetched page 63 with 100 media items.
2024-10-16 19:49:58,299 - INFO - Fetched page 64 with 100 media items.
2024-10-16 19:50:04,730 - INFO - Fetched page 65 with 100 media items.
2024-10-16 19:50:10,906 - INFO - Fetched page 66 with 100 media items.
2024-10-16 19:50:16,415 - INFO - Fetched page 67 with 100 media items.
2024-10-16 19:50:22,109 - INFO - Fetched page 68 with 100 media items.
2024-10-16 19:50:27,519 - INFO - Fetched page 69 with 100 media items.
2024-10-16 19:50:32,747 - INFO - Fetched page 70 with 100 media items.
2024-10-16 19:50:38,476 - INFO - Fetched page 71 with 100 media items.
2024-10-16 19:50:44,230 - INFO - Fetched page 72 with 100 media items.
2024-10-16 19:50:50,212 - INFO - Fetched page 73 with 100 media items.
2024-10-16 19:50:55,613 - INFO - Fetched page 74 with 100 media items.
2024-10-16 19:51:01,180 - INFO - Fetched page 75 with 100 media items.
2024-10-16 19:51:07,076 - INFO - Fetched page 76 with 100 media items.
2024-10-16 19:51:12,592 - INFO - Fetched page 77 with 100 media items.
2024-10-16 19:51:18,745 - INFO - Fetched page 78 with 100 media items.
2024-10-16 19:51:24,636 - INFO - Fetched page 79 with 100 media items.
2024-10-16 19:51:29,999 - INFO - Fetched page 80 with 100 media items.
2024-10-16 19:51:35,516 - INFO - Fetched page 81 with 100 media items.
2024-10-16 19:51:41,522 - INFO - Fetched page 82 with 100 media items.
2024-10-16 19:51:47,178 - INFO - Fetched page 83 with 100 media items.
2024-10-16 19:51:52,874 - INFO - Fetched page 84 with 100 media items.
2024-10-16 19:51:58,265 - INFO - Fetched page 85 with 100 media items.
2024-10-16 19:52:04,497 - INFO - Fetched page 86 with 100 media items.
2024-10-16 19:52:09,694 - INFO - Fetched page 87 with 100 media items.
2024-10-16 19:52:14,892 - INFO - Fetched page 88 with 100 media items.
2024-10-16 19:52:20,497 - INFO - Fetched page 89 with 100 media items.
2024-10-16 19:52:26,082 - INFO - Fetched page 90 with 100 media items.
2024-10-16 19:52:31,513 - INFO - Fetched page 91 with 100 media items.
2024-10-16 19:52:36,467 - INFO - Fetched page 92 with 100 media items.
2024-10-16 19:52:41,886 - INFO - Fetched page 93 with 100 media items.
2024-10-16 19:52:47,638 - INFO - Fetched page 94 with 100 media items.
2024-10-16 19:52:53,214 - INFO - Fetched page 95 with 100 media items.
2024-10-16 19:52:58,687 - INFO - Fetched page 96 with 100 media items.
2024-10-16 19:53:04,578 - INFO - Fetched page 97 with 100 media items.
2024-10-16 19:53:10,326 - INFO - Fetched page 98 with 100 media items.
2024-10-16 19:53:16,178 - INFO - Fetched page 99 with 100 media items.
2024-10-16 19:53:22,651 - INFO - Fetched page 100 with 100 media items.
2024-10-16 19:53:29,031 - INFO - Fetched page 101 with 100 media items.
2024-10-16 19:53:34,787 - INFO - Fetched page 102 with 100 media items.
2024-10-16 19:53:40,995 - INFO - Fetched page 103 with 100 media items.
2024-10-16 19:53:46,837 - INFO - Fetched page 104 with 100 media items.
2024-10-16 19:53:52,508 - INFO - Fetched page 105 with 100 media items.
2024-10-16 19:53:58,348 - INFO - Fetched page 106 with 100 media items.
2024-10-16 19:54:04,929 - INFO - Fetched page 107 with 100 media items.
2024-10-16 19:54:11,105 - INFO - Fetched page 108 with 100 media items.
2024-10-16 19:54:16,715 - INFO - Fetched page 109 with 100 media items.
2024-10-16 19:54:21,859 - INFO - Fetched page 110 with 100 media items.
2024-10-16 19:54:27,746 - INFO - Fetched page 111 with 100 media items.
2024-10-16 19:54:33,502 - INFO - Fetched page 112 with 100 media items.
2024-10-16 19:54:39,143 - INFO - Fetched page 113 with 100 media items.
2024-10-16 19:54:44,943 - INFO - Fetched page 114 with 100 media items.
2024-10-16 19:54:51,163 - INFO - Fetched page 115 with 100 media items.
2024-10-16 19:55:00,700 - INFO - Fetched page 116 with 100 media items.
2024-10-16 19:55:07,414 - INFO - Fetched page 117 with 100 media items.
2024-10-16 19:55:13,346 - INFO - Fetched page 118 with 100 media items.
2024-10-16 19:55:20,359 - INFO - Fetched page 119 with 100 media items.
2024-10-16 19:55:26,598 - INFO - Fetched page 120 with 100 media items.
2024-10-16 19:55:32,098 - INFO - Fetched page 121 with 100 media items.
2024-10-16 19:55:37,605 - INFO - Fetched page 122 with 100 media items.
2024-10-16 19:55:43,233 - INFO - Fetched page 123 with 100 media items.
2024-10-16 19:55:48,799 - INFO - Fetched page 124 with 100 media items.
2024-10-16 19:55:51,856 - INFO - Fetched page 125 with 15 media items.
2024-10-16 19:55:54,716 - ERROR - Failed to retrieve media items on page 126. Response: 

{"code":"rest_post_invalid_page_number","message":"A k\u00e9rt oldalsz\u00e1m nagyobb, mint az \u00f6sszes l\u00e9tez\u0151 oldal sz\u00e1ma.","data":{"status":400}}
2024-10-16 19:55:54,717 - INFO - Total media items fetched: 12415
2024-10-16 19:56:00,983 - INFO - Media items saved to woo_media_items.json with fetch time 2024-10-16T17:55:54.724585Z.
2024-10-16 19:56:01,029 - INFO - Media URLs saved to woo_media_items.txt.
2024-10-16 22:25:59,364 - INFO - Starting to fetch media items from WooCommerce...
2024-10-16 22:26:06,033 - INFO - Fetched page 1 with 100 media items.
2024-10-16 22:26:11,868 - INFO - Fetched page 2 with 100 media items.
2024-10-16 22:26:17,570 - INFO - Fetched page 3 with 100 media items.
2024-10-16 22:26:23,116 - INFO - Fetched page 4 with 100 media items.
2024-10-16 22:26:28,880 - INFO - Fetched page 5 with 100 media items.
2024-10-16 22:26:34,733 - INFO - Fetched page 6 with 100 media items.
2024-10-16 22:26:40,078 - INFO - Fetched page 7 with 100 media items.
2024-10-16 22:26:45,921 - INFO - Fetched page 8 with 100 media items.
2024-10-16 22:26:51,801 - INFO - Fetched page 9 with 100 media items.
2024-10-16 22:26:58,239 - INFO - Fetched page 10 with 100 media items.
2024-10-16 22:27:04,478 - INFO - Fetched page 11 with 100 media items.
2024-10-16 22:27:10,477 - INFO - Fetched page 12 with 100 media items.
2024-10-16 22:27:18,076 - INFO - Fetched page 13 with 100 media items.
2024-10-16 22:27:23,904 - INFO - Fetched page 14 with 100 media items.
2024-10-16 22:31:49,198 - INFO - Starting to fetch media items from WooCommerce for folder '2024/10' uploaded in the last 10 days...
2024-10-16 22:31:55,228 - INFO - Fetched page 1 with 100 media items.
2024-10-16 22:32:00,988 - INFO - Fetched page 2 with 100 media items.
2024-10-16 22:32:06,921 - INFO - Fetched page 3 with 100 media items.
2024-10-16 22:32:12,511 - INFO - Fetched page 4 with 100 media items.
2024-10-16 22:32:17,691 - INFO - Fetched page 5 with 100 media items.
2024-10-16 22:32:24,105 - INFO - Fetched page 6 with 100 media items.
2024-10-16 22:32:30,280 - INFO - Fetched page 7 with 100 media items.
2024-10-16 22:32:35,932 - INFO - Fetched page 8 with 100 media items.
2024-10-16 22:32:41,696 - INFO - Fetched page 9 with 100 media items.
2024-10-16 22:32:47,408 - INFO - Fetched page 10 with 100 media items.
2024-10-16 22:32:53,800 - INFO - Fetched page 11 with 100 media items.
2024-10-16 22:32:59,905 - INFO - Fetched page 12 with 100 media items.
2024-10-16 22:33:06,326 - INFO - Fetched page 13 with 100 media items.
2024-10-16 22:33:12,431 - INFO - Fetched page 14 with 100 media items.
2024-10-16 22:33:18,115 - INFO - Fetched page 15 with 100 media items.
2024-10-16 22:33:23,838 - INFO - Fetched page 16 with 100 media items.
2024-10-16 22:33:30,380 - INFO - Fetched page 17 with 100 media items.
2024-10-16 22:33:36,448 - INFO - Fetched page 18 with 100 media items.
2024-10-16 22:33:42,329 - INFO - Fetched page 19 with 100 media items.
2024-10-16 22:33:48,352 - INFO - Fetched page 20 with 100 media items.
2024-10-16 22:33:56,361 - INFO - Fetched page 21 with 100 media items.
2024-10-16 22:34:01,165 - INFO - Fetched page 22 with 100 media items.
2024-10-16 22:34:05,987 - INFO - Fetched page 23 with 100 media items.
2024-10-16 22:34:10,642 - INFO - Fetched page 24 with 100 media items.
2024-10-16 22:34:15,071 - INFO - Fetched page 25 with 100 media items.
2024-10-16 22:34:19,160 - INFO - Fetched page 26 with 100 media items.
2024-10-16 22:34:23,631 - INFO - Fetched page 27 with 100 media items.
2024-10-16 22:34:27,911 - INFO - Fetched page 28 with 100 media items.
2024-10-16 22:34:32,413 - INFO - Fetched page 29 with 100 media items.
2024-10-16 22:34:36,781 - INFO - Fetched page 30 with 100 media items.
2024-10-16 22:34:41,064 - INFO - Fetched page 31 with 100 media items.
2024-10-16 22:34:45,099 - INFO - Fetched page 32 with 100 media items.
2024-10-16 22:34:48,995 - INFO - Fetched page 33 with 100 media items.
2024-10-16 22:34:53,333 - INFO - Fetched page 34 with 100 media items.
2024-10-16 22:34:57,984 - INFO - Fetched page 35 with 100 media items.
2024-10-16 22:35:03,106 - INFO - Fetched page 36 with 100 media items.
2024-10-16 22:35:07,731 - INFO - Fetched page 37 with 100 media items.
2024-10-16 22:35:11,973 - INFO - Fetched page 38 with 100 media items.
2024-10-16 22:35:16,687 - INFO - Fetched page 39 with 100 media items.
2024-10-16 22:35:20,743 - INFO - Fetched page 40 with 100 media items.
2024-10-16 22:35:24,935 - INFO - Fetched page 41 with 100 media items.
2024-10-16 22:35:29,311 - INFO - Fetched page 42 with 100 media items.
2024-10-16 22:35:33,629 - INFO - Fetched page 43 with 100 media items.
2024-10-16 22:35:38,027 - INFO - Fetched page 44 with 100 media items.
2024-10-16 22:35:42,325 - INFO - Fetched page 45 with 100 media items.
2024-10-16 22:35:47,046 - INFO - Fetched page 46 with 100 media items.
2024-10-16 22:35:51,910 - INFO - Fetched page 47 with 100 media items.
2024-10-16 22:35:56,977 - INFO - Fetched page 48 with 100 media items.
2024-10-16 22:36:01,857 - INFO - Fetched page 49 with 100 media items.
2024-10-16 22:36:06,863 - INFO - Fetched page 50 with 100 media items.
2024-10-16 22:36:11,970 - INFO - Fetched page 51 with 100 media items.
2024-10-16 22:36:17,271 - INFO - Fetched page 52 with 100 media items.
2024-10-16 22:36:21,631 - INFO - Fetched page 53 with 100 media items.
2024-10-16 22:36:26,256 - INFO - Fetched page 54 with 100 media items.
2024-10-16 22:36:30,507 - INFO - Fetched page 55 with 100 media items.
2024-10-16 22:36:34,844 - INFO - Fetched page 56 with 100 media items.
2024-10-16 22:36:38,952 - INFO - Fetched page 57 with 100 media items.
2024-10-16 22:36:43,333 - INFO - Fetched page 58 with 100 media items.
2024-10-16 22:36:47,637 - INFO - Fetched page 59 with 100 media items.
2024-10-16 22:36:52,149 - INFO - Fetched page 60 with 100 media items.
2024-10-16 22:36:56,790 - INFO - Fetched page 61 with 100 media items.
2024-10-16 22:37:01,354 - INFO - Fetched page 62 with 100 media items.
2024-10-16 22:37:06,819 - INFO - Fetched page 63 with 100 media items.
2024-10-16 22:37:12,572 - INFO - Fetched page 64 with 100 media items.
2024-10-16 22:37:16,887 - INFO - Fetched page 65 with 100 media items.
2024-10-16 22:37:21,436 - INFO - Fetched page 66 with 100 media items.
2024-10-16 22:37:26,282 - INFO - Fetched page 67 with 100 media items.
2024-10-16 22:37:30,796 - INFO - Fetched page 68 with 100 media items.
2024-10-16 22:37:35,748 - INFO - Fetched page 69 with 100 media items.
2024-10-16 22:37:40,534 - INFO - Fetched page 70 with 100 media items.
2024-10-16 22:37:45,593 - INFO - Fetched page 71 with 100 media items.
2024-10-16 22:37:50,810 - INFO - Fetched page 72 with 100 media items.
2024-10-16 22:37:55,347 - INFO - Fetched page 73 with 100 media items.
2024-10-16 22:38:00,156 - INFO - Fetched page 74 with 100 media items.
2024-10-16 22:38:05,351 - INFO - Fetched page 75 with 100 media items.
2024-10-16 22:38:10,077 - INFO - Fetched page 76 with 100 media items.
2024-10-16 22:38:14,639 - INFO - Fetched page 77 with 100 media items.
2024-10-16 22:38:19,651 - INFO - Fetched page 78 with 100 media items.
2024-10-16 22:38:25,142 - INFO - Fetched page 79 with 100 media items.
2024-10-16 22:38:29,703 - INFO - Fetched page 80 with 100 media items.
2024-10-16 22:38:34,314 - INFO - Fetched page 81 with 100 media items.
2024-10-16 22:38:38,999 - INFO - Fetched page 82 with 100 media items.
2024-10-16 22:38:43,577 - INFO - Fetched page 83 with 100 media items.
2024-10-16 22:38:47,922 - INFO - Fetched page 84 with 100 media items.
2024-10-16 22:38:52,838 - INFO - Fetched page 85 with 100 media items.
2024-10-16 22:38:57,085 - INFO - Fetched page 86 with 100 media items.
2024-10-16 22:39:01,445 - INFO - Fetched page 87 with 100 media items.
2024-10-16 22:39:07,228 - INFO - Fetched page 88 with 100 media items.
2024-10-16 22:39:12,464 - INFO - Fetched page 89 with 100 media items.
2024-10-16 22:39:17,075 - INFO - Fetched page 90 with 100 media items.
2024-10-16 22:39:21,819 - INFO - Fetched page 91 with 100 media items.
2024-10-16 22:39:25,962 - INFO - Fetched page 92 with 100 media items.
2024-10-16 22:39:30,163 - INFO - Fetched page 93 with 100 media items.
2024-10-16 22:39:34,937 - INFO - Fetched page 94 with 100 media items.
2024-10-16 22:39:39,561 - INFO - Fetched page 95 with 100 media items.
2024-10-16 22:39:44,373 - INFO - Fetched page 96 with 100 media items.
2024-10-16 22:39:49,486 - INFO - Fetched page 97 with 100 media items.
2024-10-16 22:39:55,145 - INFO - Fetched page 98 with 100 media items.
2024-10-16 22:40:01,094 - INFO - Fetched page 99 with 100 media items.
2024-10-16 22:40:06,849 - INFO - Fetched page 100 with 100 media items.
2024-10-16 22:40:12,084 - INFO - Fetched page 101 with 100 media items.
2024-10-16 22:40:17,289 - INFO - Fetched page 102 with 100 media items.
2024-10-16 22:40:22,691 - INFO - Fetched page 103 with 100 media items.
2024-10-16 22:40:27,818 - INFO - Fetched page 104 with 100 media items.
2024-10-16 22:40:32,942 - INFO - Fetched page 105 with 100 media items.
2024-10-16 22:40:37,577 - INFO - Fetched page 106 with 100 media items.
2024-10-16 22:40:42,734 - INFO - Fetched page 107 with 100 media items.
2024-10-16 22:40:47,874 - INFO - Fetched page 108 with 100 media items.
2024-10-16 22:40:52,499 - INFO - Fetched page 109 with 100 media items.
2024-10-16 22:40:57,429 - INFO - Fetched page 110 with 100 media items.
2024-10-16 22:41:02,028 - INFO - Fetched page 111 with 100 media items.
2024-10-16 22:41:06,732 - INFO - Fetched page 112 with 100 media items.
2024-10-16 22:41:11,163 - INFO - Fetched page 113 with 100 media items.
2024-10-16 22:41:15,694 - INFO - Fetched page 114 with 100 media items.
2024-10-16 22:41:20,196 - INFO - Fetched page 115 with 100 media items.
2024-10-16 22:41:24,925 - INFO - Fetched page 116 with 100 media items.
2024-10-16 22:41:29,329 - INFO - Fetched page 117 with 100 media items.
2024-10-16 22:41:33,391 - INFO - Fetched page 118 with 100 media items.
2024-10-16 22:41:38,094 - INFO - Fetched page 119 with 100 media items.
2024-10-16 22:41:42,617 - INFO - Fetched page 120 with 100 media items.
2024-10-16 22:41:46,971 - INFO - Fetched page 121 with 100 media items.
2024-10-16 22:41:51,452 - INFO - Fetched page 122 with 100 media items.
2024-10-16 22:41:55,871 - INFO - Fetched page 123 with 100 media items.
2024-10-16 22:42:00,251 - INFO - Fetched page 124 with 100 media items.
2024-10-16 22:42:02,547 - INFO - Fetched page 125 with 15 media items.
2024-10-16 22:42:04,815 - ERROR - Failed to retrieve media items on page 126. Response: 

{"code":"rest_post_invalid_page_number","message":"A k\u00e9rt oldalsz\u00e1m nagyobb, mint az \u00f6sszes l\u00e9tez\u0151 oldal sz\u00e1ma.","data":{"status":400}}
2024-10-16 22:42:04,815 - INFO - Total media items fetched: 12415
2024-10-16 22:42:04,926 - INFO - Filtered 0 media items containing '2024/10' in their URLs and uploaded in the last 10 days.
2024-10-16 22:42:04,927 - WARNING - No media items found in the folder '2024/10' uploaded in the last 10 days.
