2024-10-17 15:11:04,347 - INFO - Starting to fetch WooCommerce products with 100 products per page...
2024-10-17 15:11:04,347 - INFO - Fetching page 1...
2024-10-17 15:11:05,654 - ERROR - Failed to fetch products: 401 - {"code":"woocommerce_rest_cannot_view","message":"Je n\u00e1m \u013e\u00fato, ale nem\u00f4\u017eete prech\u00e1dza\u0165 zoznam zdrojov.","data":{"status":401}}
2024-10-17 15:11:05,655 - WARNING - No products fetched from WooCommerce.
2024-10-17 15:14:56,507 - INFO - Starting to fetch WooCommerce products with 100 products per page...
2024-10-17 15:14:56,507 - INFO - Fetching page 1...
2024-10-17 15:14:57,895 - ERROR - Failed to fetch products: 401 - {"code":"woocommerce_rest_cannot_view","message":"Je n\u00e1m \u013e\u00fato, ale nem\u00f4\u017eete prech\u00e1dza\u0165 zoznam zdrojov.","data":{"status":401}}
2024-10-17 15:14:57,900 - WARNING - No products fetched from WooCommerce.
2024-10-17 15:59:36,515 - INFO - Starting to fetch WooCommerce products with 100 products per page...
2024-10-17 15:59:36,516 - INFO - Fetching page 1...
2024-10-17 15:59:39,009 - ERROR - Failed to fetch products: 401 - {"code":"woocommerce_rest_cannot_view","message":"Je n\u00e1m \u013e\u00fato, ale nem\u00f4\u017eete prech\u00e1dza\u0165 zoznam zdrojov.","data":{"status":401}}
2024-10-17 15:59:39,010 - WARNING - No products fetched from WooCommerce.
2024-10-17 16:03:31,264 - INFO - Starting to fetch WooCommerce products with 100 products per page...
2024-10-17 16:03:31,264 - INFO - Fetching page 1...
2024-10-17 16:03:33,989 - ERROR - Failed to fetch products: 401 - {"code":"woocommerce_rest_cannot_view","message":"Je n\u00e1m \u013e\u00fato, ale nem\u00f4\u017eete prech\u00e1dza\u0165 zoznam zdrojov.","data":{"status":401}}
2024-10-17 16:03:33,989 - WARNING - No products fetched from WooCommerce.
2024-10-17 16:12:40,852 - INFO - Starting to fetch WooCommerce products with 100 products per page...
2024-10-17 16:12:40,853 - INFO - Fetching page 1...
2024-10-17 16:12:46,326 - INFO - Fetched 100 products from page 1.
2024-10-17 16:12:46,326 - INFO - Total pages to fetch: 134
2024-10-17 16:12:46,326 - INFO - Fetching page 2...
2024-10-17 16:12:51,631 - INFO - Fetched 100 products from page 2.
2024-10-17 16:12:51,631 - INFO - Fetching page 3...
2024-10-17 16:12:57,711 - INFO - Fetched 100 products from page 3.
2024-10-17 16:12:57,712 - INFO - Fetching page 4...
2024-10-17 16:13:03,608 - INFO - Fetched 100 products from page 4.
2024-10-17 16:13:03,608 - INFO - Fetching page 5...
2024-10-17 16:13:09,102 - INFO - Fetched 100 products from page 5.
2024-10-17 16:13:09,102 - INFO - Fetching page 6...
2024-10-17 16:13:15,098 - INFO - Fetched 100 products from page 6.
2024-10-17 16:13:15,098 - INFO - Fetching page 7...
2024-10-17 16:13:20,648 - INFO - Fetched 100 products from page 7.
2024-10-17 16:13:20,649 - INFO - Fetching page 8...
2024-10-17 16:13:26,740 - INFO - Fetched 100 products from page 8.
2024-10-17 16:13:26,741 - INFO - Fetching page 9...
2024-10-17 16:13:32,070 - INFO - Fetched 100 products from page 9.
2024-10-17 16:13:32,070 - INFO - Fetching page 10...
2024-10-17 16:13:37,661 - INFO - Fetched 100 products from page 10.
2024-10-17 16:13:37,661 - INFO - Fetching page 11...
2024-10-17 16:13:42,868 - INFO - Fetched 100 products from page 11.
2024-10-17 16:13:42,868 - INFO - Fetching page 12...
2024-10-17 16:13:47,791 - INFO - Fetched 100 products from page 12.
2024-10-17 16:13:47,791 - INFO - Fetching page 13...
2024-10-17 16:13:53,151 - INFO - Fetched 100 products from page 13.
2024-10-17 16:13:53,151 - INFO - Fetching page 14...
2024-10-17 16:13:59,629 - INFO - Fetched 100 products from page 14.
2024-10-17 16:13:59,630 - INFO - Fetching page 15...
2024-10-17 16:14:05,250 - INFO - Fetched 100 products from page 15.
2024-10-17 16:14:05,250 - INFO - Fetching page 16...
2024-10-17 16:14:10,284 - INFO - Fetched 100 products from page 16.
2024-10-17 16:14:10,284 - INFO - Fetching page 17...
2024-10-17 16:14:14,784 - INFO - Fetched 100 products from page 17.
2024-10-17 16:14:14,784 - INFO - Fetching page 18...
2024-10-17 16:14:18,913 - INFO - Fetched 100 products from page 18.
2024-10-17 16:14:18,913 - INFO - Fetching page 19...
2024-10-17 16:14:24,071 - INFO - Fetched 100 products from page 19.
2024-10-17 16:14:24,071 - INFO - Fetching page 20...
2024-10-17 16:14:29,240 - INFO - Fetched 100 products from page 20.
2024-10-17 16:14:29,240 - INFO - Fetching page 21...
2024-10-17 16:14:34,282 - INFO - Fetched 100 products from page 21.
2024-10-17 16:14:34,282 - INFO - Fetching page 22...
2024-10-17 16:14:38,802 - INFO - Fetched 100 products from page 22.
2024-10-17 16:14:38,802 - INFO - Fetching page 23...
2024-10-17 16:14:43,150 - INFO - Fetched 100 products from page 23.
2024-10-17 16:14:43,150 - INFO - Fetching page 24...
2024-10-17 16:14:48,197 - INFO - Fetched 100 products from page 24.
2024-10-17 16:14:48,197 - INFO - Fetching page 25...
2024-10-17 16:14:53,369 - INFO - Fetched 100 products from page 25.
2024-10-17 16:14:53,370 - INFO - Fetching page 26...
2024-10-17 16:14:58,470 - INFO - Fetched 100 products from page 26.
2024-10-17 16:14:58,470 - INFO - Fetching page 27...
2024-10-17 16:15:05,089 - INFO - Fetched 100 products from page 27.
2024-10-17 16:15:05,090 - INFO - Fetching page 28...
2024-10-17 16:15:09,913 - INFO - Fetched 100 products from page 28.
2024-10-17 16:15:09,913 - INFO - Fetching page 29...
2024-10-17 16:15:15,110 - INFO - Fetched 100 products from page 29.
2024-10-17 16:15:15,111 - INFO - Fetching page 30...
2024-10-17 16:15:20,064 - INFO - Fetched 100 products from page 30.
2024-10-17 16:15:20,064 - INFO - Fetching page 31...
2024-10-17 16:15:24,801 - INFO - Fetched 100 products from page 31.
2024-10-17 16:15:24,802 - INFO - Fetching page 32...
2024-10-17 16:15:29,913 - INFO - Fetched 100 products from page 32.
2024-10-17 16:15:29,913 - INFO - Fetching page 33...
2024-10-17 16:15:34,855 - INFO - Fetched 100 products from page 33.
2024-10-17 16:15:34,855 - INFO - Fetching page 34...
2024-10-17 16:15:39,399 - INFO - Fetched 100 products from page 34.
2024-10-17 16:15:39,400 - INFO - Fetching page 35...
2024-10-17 16:15:44,043 - INFO - Fetched 100 products from page 35.
2024-10-17 16:15:44,043 - INFO - Fetching page 36...
2024-10-17 16:15:48,825 - INFO - Fetched 100 products from page 36.
2024-10-17 16:15:48,825 - INFO - Fetching page 37...
2024-10-17 16:15:53,873 - INFO - Fetched 100 products from page 37.
2024-10-17 16:15:53,873 - INFO - Fetching page 38...
2024-10-17 16:15:59,581 - INFO - Fetched 100 products from page 38.
2024-10-17 16:15:59,581 - INFO - Fetching page 39...
2024-10-17 16:16:05,305 - INFO - Fetched 100 products from page 39.
2024-10-17 16:16:05,305 - INFO - Fetching page 40...
2024-10-17 16:16:10,539 - INFO - Fetched 100 products from page 40.
2024-10-17 16:16:10,540 - INFO - Fetching page 41...
2024-10-17 16:16:15,264 - INFO - Fetched 100 products from page 41.
2024-10-17 16:16:15,264 - INFO - Fetching page 42...
2024-10-17 16:16:20,102 - INFO - Fetched 100 products from page 42.
2024-10-17 16:16:20,102 - INFO - Fetching page 43...
2024-10-17 16:16:25,300 - INFO - Fetched 100 products from page 43.
2024-10-17 16:16:25,300 - INFO - Fetching page 44...
2024-10-17 16:16:30,745 - INFO - Fetched 100 products from page 44.
2024-10-17 16:16:30,745 - INFO - Fetching page 45...
2024-10-17 16:16:36,061 - INFO - Fetched 100 products from page 45.
2024-10-17 16:16:36,061 - INFO - Fetching page 46...
2024-10-17 16:16:41,416 - INFO - Fetched 100 products from page 46.
2024-10-17 16:16:41,416 - INFO - Fetching page 47...
2024-10-17 16:16:46,827 - INFO - Fetched 100 products from page 47.
2024-10-17 16:16:46,827 - INFO - Fetching page 48...
2024-10-17 16:16:52,523 - INFO - Fetched 100 products from page 48.
2024-10-17 16:16:52,523 - INFO - Fetching page 49...
2024-10-17 16:16:59,021 - INFO - Fetched 100 products from page 49.
2024-10-17 16:16:59,021 - INFO - Fetching page 50...
2024-10-17 16:17:04,474 - INFO - Fetched 100 products from page 50.
2024-10-17 16:17:04,475 - INFO - Fetching page 51...
2024-10-17 16:17:09,827 - INFO - Fetched 100 products from page 51.
2024-10-17 16:17:09,827 - INFO - Fetching page 52...
2024-10-17 16:17:14,885 - INFO - Fetched 100 products from page 52.
2024-10-17 16:17:14,885 - INFO - Fetching page 53...
2024-10-17 16:17:19,794 - INFO - Fetched 100 products from page 53.
2024-10-17 16:17:19,794 - INFO - Fetching page 54...
2024-10-17 16:17:24,749 - INFO - Fetched 100 products from page 54.
2024-10-17 16:17:24,749 - INFO - Fetching page 55...
2024-10-17 16:17:29,749 - INFO - Fetched 100 products from page 55.
2024-10-17 16:17:29,749 - INFO - Fetching page 56...
2024-10-17 16:17:34,738 - INFO - Fetched 100 products from page 56.
2024-10-17 16:17:34,739 - INFO - Fetching page 57...
2024-10-17 16:17:40,204 - INFO - Fetched 100 products from page 57.
2024-10-17 16:17:40,205 - INFO - Fetching page 58...
2024-10-17 16:17:45,315 - INFO - Fetched 100 products from page 58.
2024-10-17 16:17:45,316 - INFO - Fetching page 59...
2024-10-17 16:17:51,202 - INFO - Fetched 100 products from page 59.
2024-10-17 16:17:51,202 - INFO - Fetching page 60...
2024-10-17 16:17:56,640 - INFO - Fetched 100 products from page 60.
2024-10-17 16:17:56,640 - INFO - Fetching page 61...
2024-10-17 16:18:02,152 - INFO - Fetched 100 products from page 61.
2024-10-17 16:18:02,152 - INFO - Fetching page 62...
2024-10-17 16:18:07,637 - INFO - Fetched 100 products from page 62.
2024-10-17 16:18:07,638 - INFO - Fetching page 63...
2024-10-17 16:18:12,873 - INFO - Fetched 100 products from page 63.
2024-10-17 16:18:12,873 - INFO - Fetching page 64...
2024-10-17 16:18:18,638 - INFO - Fetched 100 products from page 64.
2024-10-17 16:18:18,639 - INFO - Fetching page 65...
2024-10-17 16:18:24,309 - INFO - Fetched 100 products from page 65.
2024-10-17 16:18:24,309 - INFO - Fetching page 66...
2024-10-17 16:18:29,664 - INFO - Fetched 100 products from page 66.
2024-10-17 16:18:29,664 - INFO - Fetching page 67...
2024-10-17 16:18:34,627 - INFO - Fetched 100 products from page 67.
2024-10-17 16:18:34,627 - INFO - Fetching page 68...
2024-10-17 16:18:39,283 - INFO - Fetched 100 products from page 68.
2024-10-17 16:18:39,283 - INFO - Fetching page 69...
2024-10-17 16:18:43,717 - INFO - Fetched 100 products from page 69.
2024-10-17 16:18:43,717 - INFO - Fetching page 70...
2024-10-17 16:18:48,821 - INFO - Fetched 100 products from page 70.
2024-10-17 16:18:48,821 - INFO - Fetching page 71...
2024-10-17 16:18:53,995 - INFO - Fetched 100 products from page 71.
2024-10-17 16:18:53,996 - INFO - Fetching page 72...
2024-10-17 16:18:59,242 - INFO - Fetched 100 products from page 72.
2024-10-17 16:18:59,242 - INFO - Fetching page 73...
2024-10-17 16:19:04,992 - INFO - Fetched 100 products from page 73.
2024-10-17 16:19:04,992 - INFO - Fetching page 74...
2024-10-17 16:19:10,947 - INFO - Fetched 100 products from page 74.
2024-10-17 16:19:10,948 - INFO - Fetching page 75...
2024-10-17 16:19:17,034 - INFO - Fetched 100 products from page 75.
2024-10-17 16:19:17,034 - INFO - Fetching page 76...
2024-10-17 16:19:22,367 - INFO - Fetched 100 products from page 76.
2024-10-17 16:19:22,368 - INFO - Fetching page 77...
2024-10-17 16:19:27,877 - INFO - Fetched 100 products from page 77.
2024-10-17 16:19:27,878 - INFO - Fetching page 78...
2024-10-17 16:19:33,321 - INFO - Fetched 100 products from page 78.
2024-10-17 16:19:33,321 - INFO - Fetching page 79...
2024-10-17 16:19:38,671 - INFO - Fetched 100 products from page 79.
2024-10-17 16:19:38,672 - INFO - Fetching page 80...
2024-10-17 16:19:44,392 - INFO - Fetched 100 products from page 80.
2024-10-17 16:19:44,392 - INFO - Fetching page 81...
2024-10-17 16:19:50,769 - INFO - Fetched 100 products from page 81.
2024-10-17 16:19:50,769 - INFO - Fetching page 82...
2024-10-17 16:19:55,963 - INFO - Fetched 100 products from page 82.
2024-10-17 16:19:55,964 - INFO - Fetching page 83...
2024-10-17 16:20:02,075 - INFO - Fetched 100 products from page 83.
2024-10-17 16:20:02,076 - INFO - Fetching page 84...
2024-10-17 16:20:07,878 - INFO - Fetched 100 products from page 84.
2024-10-17 16:20:07,879 - INFO - Fetching page 85...
2024-10-17 16:20:13,607 - INFO - Fetched 100 products from page 85.
2024-10-17 16:20:13,607 - INFO - Fetching page 86...
2024-10-17 16:20:19,190 - INFO - Fetched 100 products from page 86.
2024-10-17 16:20:19,190 - INFO - Fetching page 87...
2024-10-17 16:20:25,190 - INFO - Fetched 100 products from page 87.
2024-10-17 16:20:25,190 - INFO - Fetching page 88...
2024-10-17 16:20:30,809 - INFO - Fetched 100 products from page 88.
2024-10-17 16:20:30,809 - INFO - Fetching page 89...
2024-10-17 16:20:36,762 - INFO - Fetched 100 products from page 89.
2024-10-17 16:20:36,763 - INFO - Fetching page 90...
2024-10-17 16:20:42,540 - INFO - Fetched 100 products from page 90.
2024-10-17 16:20:42,541 - INFO - Fetching page 91...
2024-10-17 16:20:48,794 - INFO - Fetched 100 products from page 91.
2024-10-17 16:20:48,794 - INFO - Fetching page 92...
2024-10-17 16:20:54,206 - INFO - Fetched 100 products from page 92.
2024-10-17 16:20:54,206 - INFO - Fetching page 93...
2024-10-17 16:20:59,207 - INFO - Fetched 100 products from page 93.
2024-10-17 16:20:59,208 - INFO - Fetching page 94...
2024-10-17 16:21:05,446 - INFO - Fetched 100 products from page 94.
2024-10-17 16:21:05,446 - INFO - Fetching page 95...
2024-10-17 16:21:10,779 - INFO - Fetched 100 products from page 95.
2024-10-17 16:21:10,779 - INFO - Fetching page 96...
2024-10-17 16:21:16,250 - INFO - Fetched 100 products from page 96.
2024-10-17 16:21:16,250 - INFO - Fetching page 97...
2024-10-17 16:21:22,227 - INFO - Fetched 100 products from page 97.
2024-10-17 16:21:22,227 - INFO - Fetching page 98...
2024-10-17 16:21:27,579 - INFO - Fetched 100 products from page 98.
2024-10-17 16:21:27,579 - INFO - Fetching page 99...
2024-10-17 16:21:33,284 - INFO - Fetched 100 products from page 99.
2024-10-17 16:21:33,284 - INFO - Fetching page 100...
2024-10-17 16:21:39,742 - INFO - Fetched 100 products from page 100.
2024-10-17 16:21:39,742 - INFO - Fetching page 101...
2024-10-17 16:21:45,010 - INFO - Fetched 100 products from page 101.
2024-10-17 16:21:45,010 - INFO - Fetching page 102...
2024-10-17 16:21:50,685 - INFO - Fetched 100 products from page 102.
2024-10-17 16:21:50,686 - INFO - Fetching page 103...
2024-10-17 16:21:55,559 - INFO - Fetched 100 products from page 103.
2024-10-17 16:21:55,560 - INFO - Fetching page 104...
2024-10-17 16:22:00,964 - INFO - Fetched 100 products from page 104.
2024-10-17 16:22:00,964 - INFO - Fetching page 105...
2024-10-17 16:22:07,813 - INFO - Fetched 100 products from page 105.
2024-10-17 16:22:07,814 - INFO - Fetching page 106...
2024-10-17 16:22:13,604 - INFO - Fetched 100 products from page 106.
2024-10-17 16:22:13,604 - INFO - Fetching page 107...
2024-10-17 16:22:18,702 - INFO - Fetched 100 products from page 107.
2024-10-17 16:22:18,702 - INFO - Fetching page 108...
2024-10-17 16:22:26,295 - INFO - Fetched 100 products from page 108.
2024-10-17 16:22:26,295 - INFO - Fetching page 109...
2024-10-17 16:22:31,731 - INFO - Fetched 100 products from page 109.
2024-10-17 16:22:31,731 - INFO - Fetching page 110...
2024-10-17 16:22:37,475 - INFO - Fetched 100 products from page 110.
2024-10-17 16:22:37,475 - INFO - Fetching page 111...
2024-10-17 16:22:42,651 - INFO - Fetched 100 products from page 111.
2024-10-17 16:22:42,652 - INFO - Fetching page 112...
2024-10-17 16:22:47,944 - INFO - Fetched 100 products from page 112.
2024-10-17 16:22:47,945 - INFO - Fetching page 113...
2024-10-17 16:22:53,390 - INFO - Fetched 100 products from page 113.
2024-10-17 16:22:53,391 - INFO - Fetching page 114...
2024-10-17 16:22:59,499 - INFO - Fetched 100 products from page 114.
2024-10-17 16:22:59,499 - INFO - Fetching page 115...
2024-10-17 16:23:04,980 - INFO - Fetched 100 products from page 115.
2024-10-17 16:23:04,980 - INFO - Fetching page 116...
2024-10-17 16:23:10,600 - INFO - Fetched 100 products from page 116.
2024-10-17 16:23:10,600 - INFO - Fetching page 117...
2024-10-17 16:23:15,825 - INFO - Fetched 100 products from page 117.
2024-10-17 16:23:15,825 - INFO - Fetching page 118...
2024-10-17 16:23:21,059 - INFO - Fetched 100 products from page 118.
2024-10-17 16:23:21,059 - INFO - Fetching page 119...
2024-10-17 16:23:27,034 - INFO - Fetched 100 products from page 119.
2024-10-17 16:23:27,034 - INFO - Fetching page 120...
2024-10-17 16:23:31,935 - INFO - Fetched 100 products from page 120.
2024-10-17 16:23:31,935 - INFO - Fetching page 121...
2024-10-17 16:23:36,963 - INFO - Fetched 100 products from page 121.
2024-10-17 16:23:36,964 - INFO - Fetching page 122...
2024-10-17 16:23:41,917 - INFO - Fetched 100 products from page 122.
2024-10-17 16:23:41,917 - INFO - Fetching page 123...
2024-10-17 16:23:49,891 - INFO - Fetched 100 products from page 123.
2024-10-17 16:23:49,891 - INFO - Fetching page 124...
2024-10-17 16:23:56,597 - INFO - Fetched 100 products from page 124.
2024-10-17 16:23:56,597 - INFO - Fetching page 125...
2024-10-17 16:24:03,910 - INFO - Fetched 100 products from page 125.
2024-10-17 16:24:03,910 - INFO - Fetching page 126...
2024-10-17 16:24:11,195 - INFO - Fetched 100 products from page 126.
2024-10-17 16:24:11,196 - INFO - Fetching page 127...
2024-10-17 16:24:17,142 - INFO - Fetched 100 products from page 127.
2024-10-17 16:24:17,142 - INFO - Fetching page 128...
2024-10-17 16:24:23,007 - INFO - Fetched 100 products from page 128.
2024-10-17 16:24:23,007 - INFO - Fetching page 129...
2024-10-17 16:24:28,400 - INFO - Fetched 100 products from page 129.
2024-10-17 16:24:28,400 - INFO - Fetching page 130...
2024-10-17 16:24:33,837 - INFO - Fetched 100 products from page 130.
2024-10-17 16:24:33,837 - INFO - Fetching page 131...
2024-10-17 16:24:39,218 - INFO - Fetched 100 products from page 131.
2024-10-17 16:24:39,219 - INFO - Fetching page 132...
2024-10-17 16:24:44,793 - INFO - Fetched 100 products from page 132.
2024-10-17 16:24:44,794 - INFO - Fetching page 133...
2024-10-17 16:24:50,659 - INFO - Fetched 100 products from page 133.
2024-10-17 16:24:50,660 - INFO - Fetching page 134...
2024-10-17 16:24:56,059 - INFO - Fetched 93 products from page 134.
2024-10-17 16:24:56,059 - INFO - Fetched all available pages.
2024-10-17 16:24:56,059 - INFO - Total products fetched: 13393
2024-10-17 16:24:58,684 - INFO - Products saved to woocommerce_products.json with fetch time 2024-10-17T14:24:56.059258Z.
